<?xml version="1.0" encoding="UTF-8"?>
<!-- Generated by org.testng.reporters.JUnitReportReporter -->
<testsuite hostname="DESKTOP-H4TRDFO" failures="0" tests="1" name="TestCases.Test_Login" time="14.335" errors="0" timestamp="2023-12-19T13:05:42 IST" skipped="0">
  <testcase classname="TestCases.Test_Login" name="testSuccessfulLoginandLogout" time="14.335"/>
  <system-out/>
</testsuite> <!-- TestCases.Test_Login -->
