<?xml version="1.0" encoding="UTF-8"?>
<!-- Generated by org.testng.reporters.JUnitReportReporter -->
<testsuite hostname="DESKTOP-H4TRDFO" failures="0" tests="3" name="TestCases.Test_Login" time="21.364" errors="0" timestamp="2023-12-19T23:19:14 IST" skipped="0">
  <testcase classname="TestCases.Test_Login" name="testSuccessfulLoginandLogout" time="12.809"/>
  <system-out/>
  <testcase classname="TestCases.Test_Login" name="testInvalidLogin" time="5.247"/>
  <system-out/>
  <testcase classname="TestCases.Test_Login" name="testRequiredFieldValidation" time="3.308"/>
  <system-out/>
</testsuite> <!-- TestCases.Test_Login -->
